2023-10-01 19:55:29,231 - DEBUG - Starting new HTTPS connection (1): api.vk.com:443
2023-10-01 19:55:29,365 - DEBUG - https://api.vk.com:443 "POST /method/messages.getLongPollServer HTTP/1.1" 200 134
2023-10-01 19:55:29,371 - DEBUG - Starting new HTTPS connection (1): im.vk.com:443
2023-10-01 19:55:49,501 - DEBUG - https://im.vk.com:443 "GET /nim222561591?act=a_check&key=1b3a714253eaa557266d23d0651b432e3d6de749711c61df&ts=1790427307&wait=25&mode=234&version=3 HTTP/1.1" 200 167
2023-10-01 19:55:49,631 - DEBUG - https://api.vk.com:443 "POST /method/messages.send HTTP/1.1" 200 36
2023-10-01 19:55:49,631 - INFO - {'user_id': 249618246, 'info': 'User joined the bot', 'step': 'Welcome'}
2023-10-01 19:55:49,631 - INFO - {'user_id': 249618246, 'info': 'User requested weather in their city. Waiting interval', 'step': 'Weather in the city from profile'}
2023-10-01 19:55:50,148 - DEBUG - https://api.vk.com:443 "POST /method/messages.send HTTP/1.1" 200 36
2023-10-01 19:55:50,161 - DEBUG - https://im.vk.com:443 "GET /nim222561591?act=a_check&key=1b3a714253eaa557266d23d0651b432e3d6de749711c61df&ts=1790427310&wait=25&mode=234&version=3 HTTP/1.1" 200 661
2023-10-01 19:55:50,591 - DEBUG - https://im.vk.com:443 "GET /nim222561591?act=a_check&key=1b3a714253eaa557266d23d0651b432e3d6de749711c61df&ts=1790427317&wait=25&mode=234&version=3 HTTP/1.1" 200 66
2023-10-01 19:55:55,427 - DEBUG - https://im.vk.com:443 "GET /nim222561591?act=a_check&key=1b3a714253eaa557266d23d0651b432e3d6de749711c61df&ts=1790427318&wait=25&mode=234&version=3 HTTP/1.1" 200 63
2023-10-01 19:55:55,859 - DEBUG - https://im.vk.com:443 "GET /nim222561591?act=a_check&key=1b3a714253eaa557266d23d0651b432e3d6de749711c61df&ts=1790427320&wait=25&mode=234&version=3 HTTP/1.1" 200 132
2023-10-01 19:55:55,869 - DEBUG - Starting new HTTPS connection (1): api.vk.com:443
2023-10-01 19:55:55,963 - DEBUG - https://api.vk.com:443 "GET /method/users.get?user_ids=249618246&fields=city&v=5.154&access_token=vk1.a.ucGZlEJvkt16MW6vL2QYy6bzt-7z-b4Gt9iPRY8CPO3BIW5BvnbiTucyIOAuKf17siSk6svY88uPVoJBAqP_x2-Syi2GMCUo5QvNDBGJmJQsn_RaXIKYaTPN0c0YIKvG_tF63TVGS2Idu0pyiP4pG5eo5VK5o51GC7bHRt_1Rd8KeVY2Z40q4fTfXoaNZWW1jSs6InFb6-LZ2WbHrnm5MQ HTTP/1.1" 200 159
2023-10-01 19:55:55,963 - INFO - {'user_id': 249618246, 'info': 'The city was found', 'step': 'Getting city from user profile'}
2023-10-01 19:55:55,966 - ERROR - {'user_id': 249618246, 'info': 'User pass invalid interval = 11', 'step': 'Getting interval'}
2023-10-01 19:55:56,081 - DEBUG - https://api.vk.com:443 "POST /method/messages.send HTTP/1.1" 200 36
2023-10-01 19:55:56,102 - DEBUG - https://im.vk.com:443 "GET /nim222561591?act=a_check&key=1b3a714253eaa557266d23d0651b432e3d6de749711c61df&ts=1790427323&wait=25&mode=234&version=3 HTTP/1.1" 200 203
2023-10-01 19:55:56,335 - DEBUG - https://im.vk.com:443 "GET /nim222561591?act=a_check&key=1b3a714253eaa557266d23d0651b432e3d6de749711c61df&ts=1790427327&wait=25&mode=234&version=3 HTTP/1.1" 200 66
2023-10-01 19:55:58,224 - DEBUG - https://im.vk.com:443 "GET /nim222561591?act=a_check&key=1b3a714253eaa557266d23d0651b432e3d6de749711c61df&ts=1790427328&wait=25&mode=234&version=3 HTTP/1.1" 200 167
2023-10-01 19:55:58,225 - INFO - {'user_id': 249618246, 'info': 'User requested weather in their city. Waiting interval', 'step': 'Weather in the city from profile'}
2023-10-01 19:55:58,605 - DEBUG - https://api.vk.com:443 "POST /method/messages.send HTTP/1.1" 200 36
2023-10-01 19:55:58,631 - DEBUG - https://im.vk.com:443 "GET /nim222561591?act=a_check&key=1b3a714253eaa557266d23d0651b432e3d6de749711c61df&ts=1790427331&wait=25&mode=234&version=3 HTTP/1.1" 200 267
2023-10-01 19:56:00,821 - DEBUG - https://im.vk.com:443 "GET /nim222561591?act=a_check&key=1b3a714253eaa557266d23d0651b432e3d6de749711c61df&ts=1790427336&wait=25&mode=234&version=3 HTTP/1.1" 200 148
2023-10-01 19:56:00,821 - DEBUG - Starting new HTTPS connection (1): api.vk.com:443
2023-10-01 19:56:00,915 - DEBUG - https://api.vk.com:443 "GET /method/users.get?user_ids=249618246&fields=city&v=5.154&access_token=vk1.a.ucGZlEJvkt16MW6vL2QYy6bzt-7z-b4Gt9iPRY8CPO3BIW5BvnbiTucyIOAuKf17siSk6svY88uPVoJBAqP_x2-Syi2GMCUo5QvNDBGJmJQsn_RaXIKYaTPN0c0YIKvG_tF63TVGS2Idu0pyiP4pG5eo5VK5o51GC7bHRt_1Rd8KeVY2Z40q4fTfXoaNZWW1jSs6InFb6-LZ2WbHrnm5MQ HTTP/1.1" 200 159
2023-10-01 19:56:00,916 - INFO - {'user_id': 249618246, 'info': 'The city was found', 'step': 'Getting city from user profile'}
2023-10-01 19:56:00,917 - INFO - {'user_id': 249618246, 'info': 'User pass correct interval = 7', 'step': 'Getting interval'}
2023-10-01 19:56:00,918 - DEBUG - Starting new HTTPS connection (1): sinoptik.ua:443
2023-10-01 19:56:01,234 - DEBUG - https://sinoptik.ua:443 "GET /%D0%BF%D0%BE%D0%B3%D0%BE%D0%B4%D0%B0-%D0%BC%D0%BE%D1%81%D0%BA%D0%B2%D0%B0/10-%D0%B4%D0%BD%D0%B5%D0%B9 HTTP/1.1" 200 None
2023-10-01 19:56:01,322 - INFO - {'user_id': 249618246, 'info': 'response to weather-web-service was success', 'step': 'Send weather to user'}
2023-10-01 19:56:01,573 - DEBUG - https://api.vk.com:443 "POST /method/messages.send HTTP/1.1" 200 36
2023-10-01 19:56:01,617 - DEBUG - https://im.vk.com:443 "GET /nim222561591?act=a_check&key=1b3a714253eaa557266d23d0651b432e3d6de749711c61df&ts=1790427341&wait=25&mode=234&version=3 HTTP/1.1" 200 601
2023-10-01 19:56:01,802 - DEBUG - https://im.vk.com:443 "GET /nim222561591?act=a_check&key=1b3a714253eaa557266d23d0651b432e3d6de749711c61df&ts=1790427345&wait=25&mode=234&version=3 HTTP/1.1" 200 66
2023-10-01 19:56:04,058 - DEBUG - https://im.vk.com:443 "GET /nim222561591?act=a_check&key=1b3a714253eaa557266d23d0651b432e3d6de749711c61df&ts=1790427346&wait=25&mode=234&version=3 HTTP/1.1" 200 171
2023-10-01 19:56:04,059 - INFO - {'user_id': 249618246, 'info': 'User requested weather in another city. Waiting name of the city', 'step': 'Weather in another city'}
2023-10-01 19:56:04,219 - DEBUG - https://api.vk.com:443 "POST /method/messages.send HTTP/1.1" 200 36
2023-10-01 19:56:04,237 - DEBUG - https://im.vk.com:443 "GET /nim222561591?act=a_check&key=1b3a714253eaa557266d23d0651b432e3d6de749711c61df&ts=1790427349&wait=25&mode=234&version=3 HTTP/1.1" 200 258
2023-10-01 19:56:04,419 - DEBUG - https://im.vk.com:443 "GET /nim222561591?act=a_check&key=1b3a714253eaa557266d23d0651b432e3d6de749711c61df&ts=1790427353&wait=25&mode=234&version=3 HTTP/1.1" 200 66
2023-10-01 19:56:05,935 - DEBUG - https://im.vk.com:443 "GET /nim222561591?act=a_check&key=1b3a714253eaa557266d23d0651b432e3d6de749711c61df&ts=1790427354&wait=25&mode=234&version=3 HTTP/1.1" 200 63
2023-10-01 19:56:09,999 - DEBUG - https://im.vk.com:443 "GET /nim222561591?act=a_check&key=1b3a714253eaa557266d23d0651b432e3d6de749711c61df&ts=1790427356&wait=25&mode=234&version=3 HTTP/1.1" 200 141
2023-10-01 19:56:09,999 - ERROR - {'user_id': 249618246, 'info': 'User pass name of the city in invalid format', 'step': 'Weather in another city'}
2023-10-01 19:56:14,183 - DEBUG - https://im.vk.com:443 "GET /nim222561591?act=a_check&key=1b3a714253eaa557266d23d0651b432e3d6de749711c61df&ts=1790427359&wait=25&mode=234&version=3 HTTP/1.1" 200 145
2023-10-01 19:56:14,183 - INFO - {'user_id': 249618246, 'info': 'User requested weather in another city. Waiting name of the city', 'step': 'Weather in another city'}
2023-10-01 19:56:14,282 - DEBUG - https://api.vk.com:443 "POST /method/messages.send HTTP/1.1" 200 36
2023-10-01 19:56:14,301 - DEBUG - https://im.vk.com:443 "GET /nim222561591?act=a_check&key=1b3a714253eaa557266d23d0651b432e3d6de749711c61df&ts=1790427360&wait=25&mode=234&version=3 HTTP/1.1" 200 256
2023-10-01 19:56:14,534 - DEBUG - https://im.vk.com:443 "GET /nim222561591?act=a_check&key=1b3a714253eaa557266d23d0651b432e3d6de749711c61df&ts=1790427364&wait=25&mode=234&version=3 HTTP/1.1" 200 66
2023-10-01 19:56:16,287 - DEBUG - https://im.vk.com:443 "GET /nim222561591?act=a_check&key=1b3a714253eaa557266d23d0651b432e3d6de749711c61df&ts=1790427365&wait=25&mode=234&version=3 HTTP/1.1" 200 63
2023-10-01 19:56:21,384 - DEBUG - https://im.vk.com:443 "GET /nim222561591?act=a_check&key=1b3a714253eaa557266d23d0651b432e3d6de749711c61df&ts=1790427367&wait=25&mode=234&version=3 HTTP/1.1" 200 63
2023-10-01 19:56:23,121 - DEBUG - https://im.vk.com:443 "GET /nim222561591?act=a_check&key=1b3a714253eaa557266d23d0651b432e3d6de749711c61df&ts=1790427369&wait=25&mode=234&version=3 HTTP/1.1" 200 149
2023-10-01 19:56:23,121 - INFO - {'user_id': 249618246, 'info': 'Got city from user input', 'step': 'Weather in another city'}
2023-10-01 19:56:23,280 - DEBUG - https://api.vk.com:443 "POST /method/messages.send HTTP/1.1" 200 36
2023-10-01 19:56:23,305 - DEBUG - https://im.vk.com:443 "GET /nim222561591?act=a_check&key=1b3a714253eaa557266d23d0651b432e3d6de749711c61df&ts=1790427372&wait=25&mode=234&version=3 HTTP/1.1" 200 245
2023-10-01 19:56:23,496 - DEBUG - https://im.vk.com:443 "GET /nim222561591?act=a_check&key=1b3a714253eaa557266d23d0651b432e3d6de749711c61df&ts=1790427376&wait=25&mode=234&version=3 HTTP/1.1" 200 66
2023-10-01 19:56:26,956 - DEBUG - https://im.vk.com:443 "GET /nim222561591?act=a_check&key=1b3a714253eaa557266d23d0651b432e3d6de749711c61df&ts=1790427377&wait=25&mode=234&version=3 HTTP/1.1" 200 131
2023-10-01 19:56:26,956 - INFO - {'user_id': 249618246, 'info': 'User pass correct interval = 8', 'step': 'Getting interval'}
2023-10-01 19:56:26,956 - DEBUG - Starting new HTTPS connection (1): sinoptik.ua:443
2023-10-01 19:56:27,193 - DEBUG - https://sinoptik.ua:443 "GET /%D0%BF%D0%BE%D0%B3%D0%BE%D0%B4%D0%B0-%D0%BA%D1%80%D1%8B%D0%BC/10-%D0%B4%D0%BD%D0%B5%D0%B9 HTTP/1.1" 200 None
2023-10-01 19:56:27,289 - INFO - {'user_id': 249618246, 'info': 'response to weather-web-service was success', 'step': 'Send weather to user'}
2023-10-01 19:56:28,581 - DEBUG - https://api.vk.com:443 "POST /method/messages.send HTTP/1.1" 200 36
2023-10-01 19:56:28,607 - DEBUG - https://im.vk.com:443 "GET /nim222561591?act=a_check&key=1b3a714253eaa557266d23d0651b432e3d6de749711c61df&ts=1790427380&wait=25&mode=234&version=3 HTTP/1.1" 200 677
